"$yyyy-MM/log--09-marca-2022-%PARSER_ERROR[i].log.gz""$yyyy-MM/log--09-marca-2022-%PARSER_ERROR[i].log.gz""$yyyy-MM/log--09-marca-2022-%PARSER_ERROR[i].log.gz""$yyyy-MM/log--09-marca-2022-%PARSER_ERROR[i].log.gz""$yyyy-MM/log--09-marca-2022-%PARSER_ERROR[i].log.gz""$yyyy-MM/log--09-marca-2022-%PARSER_ERROR[i].log.gz""$yyyy-MM/log--09-marca-2022-%PARSER_ERROR[i].log.gz""$yyyy-MM/log--09-marca-2022-%PARSER_ERROR[i].log.gz""$yyyy-MM/log--09-marca-2022-%PARSER_ERROR[i].log.gz""$yyyy-MM/log--09-marca-2022-%PARSER_ERROR[i].log.gz""$yyyy-MM/log--09-marca-2022-%PARSER_ERROR[i].log.gz""$yyyy-MM/log--09-marca-2022-%PARSER_ERROR[i].log.gz""$yyyy-MM/log--09-marca-2022-%PARSER_ERROR[i].log.gz""$yyyy-MM/log--09-marca-2022-%PARSER_ERROR[i].log.gz""$yyyy-MM/log--09-marca-2022-%PARSER_ERROR[i].log.gz""$yyyy-MM/log--09-marca-2022-%PARSER_ERROR[i].log.gz""$yyyy-MM/log--09-marca-2022-%PARSER_ERROR[i].log.gz""$yyyy-MM/log--09-marca-2022-%PARSER_ERROR[i].log.gz""$yyyy-MM/log--09-marca-2022-%PARSER_ERROR[i].log.gz""$yyyy-MM/log--09-marca-2022-%PARSER_ERROR[i].log.gz""$yyyy-MM/log--09-marca-2022-%PARSER_ERROR[i].log.gz""$yyyy-MM/log--09-marca-2022-%PARSER_ERROR[i].log.gz""$yyyy-MM/log--09-marca-2022-%PARSER_ERROR[i].log.gz""$yyyy-MM/log--09-marca-2022-%PARSER_ERROR[i].log.gz""$yyyy-MM/log--09-marca-2022-%PARSER_ERROR[i].log.gz""$yyyy-MM/log--09-marca-2022-%PARSER_ERROR[i].log.gz"org.springframework.context.ApplicationContextException: Failed to start bean 'webServerStartStop'; nested exception is org.springframework.boot.web.server.WebServerException: Unable to start embedded Tomcat server
	at org.springframework.context.support.DefaultLifecycleProcessor.doStart(DefaultLifecycleProcessor.java:181)
	at org.springframework.context.support.DefaultLifecycleProcessor.access$200(DefaultLifecycleProcessor.java:54)
	at org.springframework.context.support.DefaultLifecycleProcessor$LifecycleGroup.start(DefaultLifecycleProcessor.java:356)
	at java.base/java.lang.Iterable.forEach(Iterable.java:75)
	at org.springframework.context.support.DefaultLifecycleProcessor.startBeans(DefaultLifecycleProcessor.java:155)
	at org.springframework.context.support.DefaultLifecycleProcessor.onRefresh(DefaultLifecycleProcessor.java:123)
	at org.springframework.context.support.AbstractApplicationContext.finishRefresh(AbstractApplicationContext.java:935)
	at org.springframework.context.support.AbstractApplicationContext.refresh(AbstractApplicationContext.java:586)
	at org.springframework.boot.web.servlet.context.ServletWebServerApplicationContext.refresh(ServletWebServerApplicationContext.java:145)
	at org.springframework.boot.SpringApplication.refresh(SpringApplication.java:732)
	at org.springframework.boot.SpringApplication.refreshContext(SpringApplication.java:414)
	at org.springframework.boot.SpringApplication.run(SpringApplication.java:302)
	at org.springframework.boot.SpringApplication.run(SpringApplication.java:1303)
	at org.springframework.boot.SpringApplication.run(SpringApplication.java:1292)
	at com.revo.myboard.MyboardApplication.main(MyboardApplication.java:16)
Caused by: org.springframework.boot.web.server.WebServerException: Unable to start embedded Tomcat server
	at org.springframework.boot.web.embedded.tomcat.TomcatWebServer.start(TomcatWebServer.java:229)
	at org.springframework.boot.web.servlet.context.WebServerStartStopLifecycle.start(WebServerStartStopLifecycle.java:43)
	at org.springframework.context.support.DefaultLifecycleProcessor.doStart(DefaultLifecycleProcessor.java:178)
	... 14 common frames omitted
Caused by: java.lang.IllegalArgumentException: standardService.connector.startFailed
	at org.apache.catalina.core.StandardService.addConnector(StandardService.java:238)
	at org.springframework.boot.web.embedded.tomcat.TomcatWebServer.addPreviouslyRemovedConnectors(TomcatWebServer.java:282)
	at org.springframework.boot.web.embedded.tomcat.TomcatWebServer.start(TomcatWebServer.java:213)
	... 16 common frames omitted
Caused by: org.apache.catalina.LifecycleException: Protocol handler start failed
	at org.apache.catalina.connector.Connector.startInternal(Connector.java:1075)
	at org.apache.catalina.util.LifecycleBase.start(LifecycleBase.java:183)
	at org.apache.catalina.core.StandardService.addConnector(StandardService.java:234)
	... 18 common frames omitted
Caused by: java.net.BindException: Adres jest już w użyciu
	at java.base/sun.nio.ch.Net.bind0(Native Method)
	at java.base/sun.nio.ch.Net.bind(Net.java:555)
	at java.base/sun.nio.ch.ServerSocketChannelImpl.netBind(ServerSocketChannelImpl.java:337)
	at java.base/sun.nio.ch.ServerSocketChannelImpl.bind(ServerSocketChannelImpl.java:294)
	at org.apache.tomcat.util.net.NioEndpoint.initServerSocket(NioEndpoint.java:273)
	at org.apache.tomcat.util.net.NioEndpoint.bind(NioEndpoint.java:228)
	at org.apache.tomcat.util.net.AbstractEndpoint.bindWithCleanup(AbstractEndpoint.java:1213)
	at org.apache.tomcat.util.net.AbstractEndpoint.start(AbstractEndpoint.java:1299)
	at org.apache.coyote.AbstractProtocol.start(AbstractProtocol.java:614)
	at org.apache.catalina.connector.Connector.startInternal(Connector.java:1072)
	... 20 common frames omitted
"$yyyy-MM/log--09-marca-2022-%PARSER_ERROR[i].log.gz""$yyyy-MM/log--09-marca-2022-%PARSER_ERROR[i].log.gz""$yyyy-MM/log--09-marca-2022-%PARSER_ERROR[i].log.gz""$yyyy-MM/log--09-marca-2022-%PARSER_ERROR[i].log.gz""$yyyy-MM/log--09-marca-2022-%PARSER_ERROR[i].log.gz""$yyyy-MM/log--09-marca-2022-%PARSER_ERROR[i].log.gz""$yyyy-MM/log--09-marca-2022-%PARSER_ERROR[i].log.gz""$yyyy-MM/log--09-marca-2022-%PARSER_ERROR[i].log.gz""$yyyy-MM/log--09-marca-2022-%PARSER_ERROR[i].log.gz""$yyyy-MM/log--09-marca-2022-%PARSER_ERROR[i].log.gz""$yyyy-MM/log--09-marca-2022-%PARSER_ERROR[i].log.gz""$yyyy-MM/log--09-marca-2022-%PARSER_ERROR[i].log.gz""$yyyy-MM/log--09-marca-2022-%PARSER_ERROR[i].log.gz""$yyyy-MM/log--09-marca-2022-%PARSER_ERROR[i].log.gz""$yyyy-MM/log--09-marca-2022-%PARSER_ERROR[i].log.gz""$yyyy-MM/log--09-marca-2022-%PARSER_ERROR[i].log.gz""$yyyy-MM/log--09-marca-2022-%PARSER_ERROR[i].log.gz""$yyyy-MM/log--09-marca-2022-%PARSER_ERROR[i].log.gz""$yyyy-MM/log--09-marca-2022-%PARSER_ERROR[i].log.gz""$yyyy-MM/log--09-marca-2022-%PARSER_ERROR[i].log.gz""$yyyy-MM/log--09-marca-2022-%PARSER_ERROR[i].log.gz""$yyyy-MM/log--09-marca-2022-%PARSER_ERROR[i].log.gz""$yyyy-MM/log--09-marca-2022-%PARSER_ERROR[i].log.gz""$yyyy-MM/log--09-marca-2022-%PARSER_ERROR[i].log.gz""$yyyy-MM/log--09-marca-2022-%PARSER_ERROR[i].log.gz""$yyyy-MM/log--09-marca-2022-%PARSER_ERROR[i].log.gz""$yyyy-MM/log--09-marca-2022-%PARSER_ERROR[i].log.gz""$yyyy-MM/log--09-marca-2022-%PARSER_ERROR[i].log.gz""$yyyy-MM/log--09-marca-2022-%PARSER_ERROR[i].log.gz""$yyyy-MM/log--09-marca-2022-%PARSER_ERROR[i].log.gz""$yyyy-MM/log--09-marca-2022-%PARSER_ERROR[i].log.gz""$yyyy-MM/log--09-marca-2022-%PARSER_ERROR[i].log.gz""$yyyy-MM/log--09-marca-2022-%PARSER_ERROR[i].log.gz""$yyyy-MM/log--09-marca-2022-%PARSER_ERROR[i].log.gz""$yyyy-MM/log--09-marca-2022-%PARSER_ERROR[i].log.gz""$yyyy-MM/log--09-marca-2022-%PARSER_ERROR[i].log.gz""$yyyy-MM/log--09-marca-2022-%PARSER_ERROR[i].log.gz""$yyyy-MM/log--09-marca-2022-%PARSER_ERROR[i].log.gz""$yyyy-MM/log--09-marca-2022-%PARSER_ERROR[i].log.gz""$yyyy-MM/log--09-marca-2022-%PARSER_ERROR[i].log.gz""$yyyy-MM/log--09-marca-2022-%PARSER_ERROR[i].log.gz""$yyyy-MM/log--09-marca-2022-%PARSER_ERROR[i].log.gz""$yyyy-MM/log--09-marca-2022-%PARSER_ERROR[i].log.gz""$yyyy-MM/log--09-marca-2022-%PARSER_ERROR[i].log.gz""$yyyy-MM/log--09-marca-2022-%PARSER_ERROR[i].log.gz""$yyyy-MM/log--09-marca-2022-%PARSER_ERROR[i].log.gz""$yyyy-MM/log--09-marca-2022-%PARSER_ERROR[i].log.gz""$yyyy-MM/log--09-marca-2022-%PARSER_ERROR[i].log.gz""$yyyy-MM/log--09-marca-2022-%PARSER_ERROR[i].log.gz""$yyyy-MM/log--09-marca-2022-%PARSER_ERROR[i].log.gz""$yyyy-MM/log--09-marca-2022-%PARSER_ERROR[i].log.gz""$yyyy-MM/log--09-marca-2022-%PARSER_ERROR[i].log.gz""$yyyy-MM/log--09-marca-2022-%PARSER_ERROR[i].log.gz""$yyyy-MM/log--09-marca-2022-%PARSER_ERROR[i].log.gz""$yyyy-MM/log--09-marca-2022-%PARSER_ERROR[i].log.gz"